<?xml version="1.0" encoding="UTF-8"?>
<testsuite name="Tests" tests="5" skipped="0" failures="0" errors="0" timestamp="2021-08-24T22:57:04" hostname="DESKTOP-1BERSD3" time="0.026">
  <properties/>
  <testcase name="testSolution" classname="Tests" time="0.013"/>
  <testcase name="testSolution2" classname="Tests" time="0.003"/>
  <testcase name="testSolution3" classname="Tests" time="0.004"/>
  <testcase name="testSolution4" classname="Tests" time="0.003"/>
  <testcase name="testSolution5" classname="Tests" time="0.002"/>
  <system-out><![CDATA[]]></system-out>
  <system-err><![CDATA[]]></system-err>
</testsuite>
